# JRE version: OpenJDK Runtime Environment (17.0.11) (build 17.0.11+0--11852314)
# Java VM: OpenJDK 64-Bit Server VM (17.0.11+0--11852314, mixed mode, tiered, compressed oops, compressed class ptrs, g1 gc, windows-amd64)
GC Precious Log:
 CPUs: 4 total, 4 available
 Memory: 7932M
 Large Page Support: Disabled
 NUMA Support: Disabled
 Compressed Oops: Enabled (32-bit)
 Heap Region Size: 1M
 Heap Min Capacity: 8M
 Heap Initial Capacity: 124M
 Heap Max Capacity: 2G
 Pre-touch: Disabled
 Parallel Workers: 4
 Concurrent Workers: 1
 Concurrent Refinement Workers: 4
 Periodic GC: Disabled
Heap:
 garbage-first heap   total 203776K, used 120537K [0x0000000080000000, 0x0000000100000000)
  region size 1024K, 8 young (8192K), 3 survivors (3072K)
 Metaspace       used 131778K, committed 132544K, reserved 1179648K
  class space    used 17061K, committed 17408K, reserved 1048576K
GC Heap History (20 events):
Event: 70.568 GC heap before
{Heap before GC invocations=57 (full 0):
 garbage-first heap   total 137216K, used 117586K [0x0000000080000000, 0x0000000100000000)
  region size 1024K, 10 young (10240K), 2 survivors (2048K)
 Metaspace       used 109950K, committed 110720K, reserved 1179648K
  class space    used 14659K, committed 14976K, reserved 1048576K
}
Event: 70.570 GC heap after
{Heap after GC invocations=58 (full 0):
 garbage-first heap   total 137216K, used 109534K [0x0000000080000000, 0x0000000100000000)
  region size 1024K, 1 young (1024K), 1 survivors (1024K)
 Metaspace       used 109950K, committed 110720K, reserved 1179648K
  class space    used 14659K, committed 14976K, reserved 1048576K
}
Event: 70.719 GC heap before
{Heap before GC invocations=58 (full 0):
 garbage-first heap   total 137216K, used 118750K [0x0000000080000000, 0x0000000100000000)
  region size 1024K, 10 young (10240K), 1 survivors (1024K)
 Metaspace       used 110010K, committed 110720K, reserved 1179648K
  class space    used 14659K, committed 14976K, reserved 1048576K
}
Event: 70.721 GC heap after
{Heap after GC invocations=59 (full 0):
 garbage-first heap   total 137216K, used 109948K [0x0000000080000000, 0x0000000100000000)
  region size 1024K, 2 young (2048K), 2 survivors (2048K)
 Metaspace       used 110010K, committed 110720K, reserved 1179648K
  class space    used 14659K, committed 14976K, reserved 1048576K
}
Event: 70.895 GC heap before
{Heap before GC invocations=59 (full 0):
 garbage-first heap   total 137216K, used 117116K [0x0000000080000000, 0x0000000100000000)
  region size 1024K, 10 young (10240K), 2 survivors (2048K)
 Metaspace       used 110128K, committed 110912K, reserved 1179648K
  class space    used 14666K, committed 15040K, reserved 1048576K
}
Event: 70.898 GC heap after
{Heap after GC invocations=60 (full 0):
 garbage-first heap   total 137216K, used 110790K [0x0000000080000000, 0x0000000100000000)
  region size 1024K, 2 young (2048K), 2 survivors (2048K)
 Metaspace       used 110128K, committed 110912K, reserved 1179648K
  class space    used 14666K, committed 15040K, reserved 1048576K
}
Event: 71.488 GC heap before
{Heap before GC invocations=60 (full 0):
 garbage-first heap   total 137216K, used 117958K [0x0000000080000000, 0x0000000100000000)
  region size 1024K, 10 young (10240K), 2 survivors (2048K)
 Metaspace       used 111028K, committed 111808K, reserved 1179648K
  class space    used 14762K, committed 15104K, reserved 1048576K
}
Event: 71.491 GC heap after
{Heap after GC invocations=61 (full 0):
 garbage-first heap   total 164864K, used 111086K [0x0000000080000000, 0x0000000100000000)
  region size 1024K, 2 young (2048K), 2 survivors (2048K)
 Metaspace       used 111028K, committed 111808K, reserved 1179648K
  class space    used 14762K, committed 15104K, reserved 1048576K
}
Event: 72.656 GC heap before
{Heap before GC invocations=61 (full 0):
 garbage-first heap   total 164864K, used 138734K [0x0000000080000000, 0x0000000100000000)
  region size 1024K, 29 young (29696K), 2 survivors (2048K)
 Metaspace       used 114249K, committed 115008K, reserved 1179648K
  class space    used 15132K, committed 15488K, reserved 1048576K
}
Event: 72.659 GC heap after
{Heap after GC invocations=62 (full 0):
 garbage-first heap   total 164864K, used 112206K [0x0000000080000000, 0x0000000100000000)
  region size 1024K, 3 young (3072K), 3 survivors (3072K)
 Metaspace       used 114249K, committed 115008K, reserved 1179648K
  class space    used 15132K, committed 15488K, reserved 1048576K
}
Event: 73.941 GC heap before
{Heap before GC invocations=62 (full 0):
 garbage-first heap   total 164864K, used 139854K [0x0000000080000000, 0x0000000100000000)
  region size 1024K, 30 young (30720K), 3 survivors (3072K)
 Metaspace       used 116917K, committed 117696K, reserved 1179648K
  class space    used 15379K, committed 15744K, reserved 1048576K
}
Event: 73.948 GC heap after
{Heap after GC invocations=63 (full 0):
 garbage-first heap   total 164864K, used 114768K [0x0000000080000000, 0x0000000100000000)
  region size 1024K, 4 young (4096K), 4 survivors (4096K)
 Metaspace       used 116917K, committed 117696K, reserved 1179648K
  class space    used 15379K, committed 15744K, reserved 1048576K
}
Event: 74.722 GC heap before
{Heap before GC invocations=63 (full 0):
 garbage-first heap   total 164864K, used 135248K [0x0000000080000000, 0x0000000100000000)
  region size 1024K, 25 young (25600K), 4 survivors (4096K)
 Metaspace       used 119500K, committed 120256K, reserved 1179648K
  class space    used 15753K, committed 16128K, reserved 1048576K
}
Event: 74.727 GC heap after
{Heap after GC invocations=64 (full 0):
 garbage-first heap   total 164864K, used 115511K [0x0000000080000000, 0x0000000100000000)
  region size 1024K, 1 young (1024K), 1 survivors (1024K)
 Metaspace       used 119500K, committed 120256K, reserved 1179648K
  class space    used 15753K, committed 16128K, reserved 1048576K
}
Event: 75.485 GC heap before
{Heap before GC invocations=65 (full 0):
 garbage-first heap   total 203776K, used 137015K [0x0000000080000000, 0x0000000100000000)
  region size 1024K, 23 young (23552K), 1 survivors (1024K)
 Metaspace       used 122379K, committed 123136K, reserved 1179648K
  class space    used 16023K, committed 16384K, reserved 1048576K
}
Event: 75.488 GC heap after
{Heap after GC invocations=66 (full 0):
 garbage-first heap   total 203776K, used 116114K [0x0000000080000000, 0x0000000100000000)
  region size 1024K, 2 young (2048K), 2 survivors (2048K)
 Metaspace       used 122379K, committed 123136K, reserved 1179648K
  class space    used 16023K, committed 16384K, reserved 1048576K
}
Event: 75.716 GC heap before
{Heap before GC invocations=66 (full 0):
 garbage-first heap   total 203776K, used 122258K [0x0000000080000000, 0x0000000100000000)
  region size 1024K, 9 young (9216K), 2 survivors (2048K)
 Metaspace       used 123469K, committed 124224K, reserved 1179648K
  class space    used 16152K, committed 16512K, reserved 1048576K
}
Event: 75.719 GC heap after
{Heap after GC invocations=67 (full 0):
 garbage-first heap   total 203776K, used 114622K [0x0000000080000000, 0x0000000100000000)
  region size 1024K, 1 young (1024K), 1 survivors (1024K)
 Metaspace       used 123469K, committed 124224K, reserved 1179648K
  class space    used 16152K, committed 16512K, reserved 1048576K
}
Event: 79.426 GC heap before
{Heap before GC invocations=67 (full 0):
 garbage-first heap   total 203776K, used 172990K [0x0000000080000000, 0x0000000100000000)
  region size 1024K, 58 young (59392K), 1 survivors (1024K)
 Metaspace       used 131542K, committed 132352K, reserved 1179648K
  class space    used 17037K, committed 17408K, reserved 1048576K
}
Event: 79.431 GC heap after
{Heap after GC invocations=68 (full 0):
 garbage-first heap   total 203776K, used 116441K [0x0000000080000000, 0x0000000100000000)
  region size 1024K, 3 young (3072K), 3 survivors (3072K)
 Metaspace       used 131542K, committed 132352K, reserved 1179648K
  class space    used 17037K, committed 17408K, reserved 1048576K
}

